Vivado Simulator v2022.1
Copyright 1986-1999, 2001-2022 Xilinx, Inc. All Rights Reserved.
Running: C:/Xilinx/Vivado/2022.1/bin/unwrapped/win64.o/xelab.exe --incr --debug typical --relax --mt 2 -L xil_defaultlib -L secureip --snapshot test_env_func_synth xil_defaultlib.test_env -log elaborate.log 
Using 2 slave threads.
Starting static elaboration
Completed static elaboration
Starting simulation data flow analysis
Completed simulation data flow analysis
Time Resolution for simulation is 1ps
Compiling package std.standard
Compiling package std.textio
Compiling package ieee.std_logic_1164
Compiling package ieee.numeric_std
Compiling package unisim.vcomponents
Compiling package ieee.vital_timing
Compiling package ieee.vital_primitives
Compiling package unisim.vpkg
Compiling architecture lut2_v of entity unisim.LUT2 [\LUT2(init="1110")(0,3)\]
Compiling architecture lut2_v of entity unisim.LUT2 [\LUT2(init="1011")(0,3)\]
Compiling architecture lut2_v of entity unisim.LUT2 [\LUT2(init="0111")(0,3)\]
Compiling architecture lut1_v of entity unisim.LUT1 [\LUT1(init="0001")(0,3)\]
Compiling architecture fdre_v of entity unisim.FDRE [fdre_default]
Compiling architecture carry4_v of entity unisim.CARRY4 [carry4_default]
Compiling architecture lut5_v of entity unisim.LUT5 [\LUT5(init="00000011000000000000...]
Compiling architecture lut3_v of entity unisim.LUT3 [\LUT3(init="00001000")(0,7)\]
Compiling architecture lut6_v of entity unisim.LUT6 [\LUT6(init="11111111111111111111...]
Compiling architecture lut5_v of entity unisim.LUT5 [\LUT5(init="00000000000000000000...]
Compiling architecture lut6_v of entity unisim.LUT6 [\LUT6(init="11111111111111111111...]
Compiling architecture lut3_v of entity unisim.LUT3 [\LUT3(init="00000010")(0,7)\]
Compiling architecture lut3_v of entity unisim.LUT3 [\LUT3(init="10000000")(0,7)\]
Compiling architecture lut2_v of entity unisim.LUT2 [\LUT2(init="0010")(0,3)\]
Compiling architecture lut6_v of entity unisim.LUT6 [\LUT6(init="00000000000000000000...]
Compiling architecture lut4_v of entity unisim.LUT4 [\LUT4(init="1101111111111111")(0...]
Compiling architecture lut5_v of entity unisim.LUT5 [\LUT5(init="11111111111111110111...]
Compiling architecture lut4_v of entity unisim.LUT4 [\LUT4(init="0111111111111111")(0...]
Compiling architecture structure of entity xil_defaultlib.mpg [mpg_default]
Compiling architecture lut4_v of entity unisim.LUT4 [\LUT4(init="0010000010010100")(0...]
Compiling architecture lut4_v of entity unisim.LUT4 [\LUT4(init="1010010011001000")(0...]
Compiling architecture lut4_v of entity unisim.LUT4 [\LUT4(init="1010001000010000")(0...]
Compiling architecture lut4_v of entity unisim.LUT4 [\LUT4(init="1100001000010100")(0...]
Compiling architecture lut4_v of entity unisim.LUT4 [\LUT4(init="0101011100010000")(0...]
Compiling architecture lut4_v of entity unisim.LUT4 [\LUT4(init="0101000110010000")(0...]
Compiling architecture lut4_v of entity unisim.LUT4 [\LUT4(init="0100000000100101")(0...]
Compiling architecture structure of entity xil_defaultlib.SSD [ssd_default]
Compiling architecture structure of entity xil_defaultlib.execUnit [execunit_default]
Compiling architecture lut6_v of entity unisim.LUT6 [\LUT6(init="00001111000000000101...]
Compiling architecture lut6_v of entity unisim.LUT6 [\LUT6(init="01010101001100110000...]
Compiling architecture lut5_v of entity unisim.LUT5 [\LUT5(init="00000000000000000000...]
Compiling architecture lut6_v of entity unisim.LUT6 [\LUT6(init="11111111111111111111...]
Compiling architecture lut5_v of entity unisim.LUT5 [\LUT5(init="00000100000011010000...]
Compiling architecture lut5_v of entity unisim.LUT5 [\LUT5(init="00000100000011110000...]
Compiling architecture lut5_v of entity unisim.LUT5 [\LUT5(init="00001001000000000011...]
Compiling architecture lut5_v of entity unisim.LUT5 [\LUT5(init="00000000011100010000...]
Compiling architecture lut4_v of entity unisim.LUT4 [\LUT4(init="1010100101011001")(0...]
Compiling architecture lut5_v of entity unisim.LUT5 [\LUT5(init="00001001000000000101...]
Compiling architecture lut6_v of entity unisim.LUT6 [\LUT6(init="00000000000000001010...]
Compiling architecture lut5_v of entity unisim.LUT5 [\LUT5(init="10101001010110010000...]
Compiling architecture lut3_v of entity unisim.LUT3 [\LUT3(init="01011001")(0,7)\]
Compiling architecture lut3_v of entity unisim.LUT3 [\LUT3(init="01001011")(0,7)\]
Compiling architecture lut2_v of entity unisim.LUT2 [\LUT2(init="1001")(0,3)\]
Compiling architecture ram32m_v of entity unisim.RAM32M [ram32m_default]
Compiling architecture lut3_v of entity unisim.LUT3 [\LUT3(init="10110100")(0,7)\]
Compiling architecture lut3_v of entity unisim.LUT3 [\LUT3(init="10100110")(0,7)\]
Compiling architecture lut4_v of entity unisim.LUT4 [\LUT4(init="0101011010100110")(0...]
Compiling architecture lut4_v of entity unisim.LUT4 [\LUT4(init="0000000010100110")(0...]
Compiling architecture lut4_v of entity unisim.LUT4 [\LUT4(init="0000110100000010")(0...]
Compiling architecture structure of entity xil_defaultlib.reg_file [reg_file_default]
Compiling architecture structure of entity xil_defaultlib.IDUnit [idunit_default]
Compiling architecture structure of entity xil_defaultlib.mpg_0 [mpg_0_default]
Compiling architecture lut6_v of entity unisim.LUT6 [\LUT6(init="11111111111111111111...]
Compiling architecture lut6_v of entity unisim.LUT6 [\LUT6(init="00110011000000000000...]
Compiling architecture lut6_v of entity unisim.LUT6 [\LUT6(init="00110101010101010011...]
Compiling architecture lut6_v of entity unisim.LUT6 [\LUT6(init="10001010100010001010...]
Compiling architecture lut6_v of entity unisim.LUT6 [\LUT6(init="00001111101010100011...]
Compiling architecture lut6_v of entity unisim.LUT6 [\LUT6(init="11111111111111111111...]
Compiling architecture lut6_v of entity unisim.LUT6 [\LUT6(init="00000000000000000000...]
Compiling architecture lut6_v of entity unisim.LUT6 [\LUT6(init="00001111010101010011...]
Compiling architecture lut6_v of entity unisim.LUT6 [\LUT6(init="11111111111111111111...]
Compiling architecture lut3_v of entity unisim.LUT3 [\LUT3(init="00101111")(0,7)\]
Compiling architecture lut3_v of entity unisim.LUT3 [\LUT3(init="10001111")(0,7)\]
Compiling architecture lut4_v of entity unisim.LUT4 [\LUT4(init="0000001000000000")(0...]
Compiling architecture lut4_v of entity unisim.LUT4 [\LUT4(init="1001110010111101")(0...]
Compiling architecture lut6_v of entity unisim.LUT6 [\LUT6(init="00100010000100100010...]
Compiling architecture lut6_v of entity unisim.LUT6 [\LUT6(init="00100000000100000001...]
Compiling architecture lut4_v of entity unisim.LUT4 [\LUT4(init="1000111110000000")(0...]
Compiling architecture lut6_v of entity unisim.LUT6 [\LUT6(init="00000000000000000001...]
Compiling architecture lut3_v of entity unisim.LUT3 [\LUT3(init="00000100")(0,7)\]
Compiling architecture lut6_v of entity unisim.LUT6 [\LUT6(init="00000001000000001101...]
Compiling architecture lut6_v of entity unisim.LUT6 [\LUT6(init="00000000000000010000...]
Compiling architecture lut6_v of entity unisim.LUT6 [\LUT6(init="00000001000000001101...]
Compiling architecture lut2_v of entity unisim.LUT2 [\LUT2(init="0001")(0,3)\]
Compiling architecture lut6_v of entity unisim.LUT6 [\LUT6(init="00100000001100000001...]
Compiling architecture lut3_v of entity unisim.LUT3 [\LUT3(init="01000111")(0,7)\]
Compiling architecture lut6_v of entity unisim.LUT6 [\LUT6(init="00011111000111110001...]
Compiling architecture lut4_v of entity unisim.LUT4 [\LUT4(init="1011100001000111")(0...]
Compiling architecture lut2_v of entity unisim.LUT2 [\LUT2(init="0110")(0,3)\]
Compiling architecture lut3_v of entity unisim.LUT3 [\LUT3(init="10111000")(0,7)\]
Compiling architecture lut6_v of entity unisim.LUT6 [\LUT6(init="00000100000011000000...]
Compiling architecture lut5_v of entity unisim.LUT5 [\LUT5(init="00000000110000001011...]
Compiling architecture lut6_v of entity unisim.LUT6 [\LUT6(init="00000000000000000000...]
Compiling architecture lut6_v of entity unisim.LUT6 [\LUT6(init="00000000000000100000...]
Compiling architecture lut5_v of entity unisim.LUT5 [\LUT5(init="00000010100010000000...]
Compiling architecture lut5_v of entity unisim.LUT5 [\LUT5(init="01000000000000001000...]
Compiling architecture fdce_v of entity unisim.FDCE [fdce_default]
Compiling architecture lut6_v of entity unisim.LUT6 [\LUT6(init="10101010101010101010...]
Compiling architecture lut6_v of entity unisim.LUT6 [\LUT6(init="00100000000000100000...]
Compiling architecture lut6_v of entity unisim.LUT6 [\LUT6(init="11111111111111101111...]
Compiling architecture lut6_v of entity unisim.LUT6 [\LUT6(init="01010101010101010101...]
Compiling architecture lut6_v of entity unisim.LUT6 [\LUT6(init="11111111111111111111...]
Compiling architecture lut4_v of entity unisim.LUT4 [\LUT4(init="1111111111111110")(0...]
Compiling architecture lut6_v of entity unisim.LUT6 [\LUT6(init="00100000000000000000...]
Compiling architecture lut4_v of entity unisim.LUT4 [\LUT4(init="0000100000000000")(0...]
Compiling architecture lut5_v of entity unisim.LUT5 [\LUT5(init="00000000000000000101...]
Compiling architecture lut6_v of entity unisim.LUT6 [\LUT6(init="11111111111111111111...]
Compiling architecture lut5_v of entity unisim.LUT5 [\LUT5(init="00000000000000000000...]
Compiling architecture lut4_v of entity unisim.LUT4 [\LUT4(init="0010001011110010")(0...]
Compiling architecture lut4_v of entity unisim.LUT4 [\LUT4(init="0100011110111000")(0...]
Compiling architecture lut6_v of entity unisim.LUT6 [\LUT6(init="11111111111111111111...]
Compiling architecture lut6_v of entity unisim.LUT6 [\LUT6(init="00000000010000000100...]
Compiling architecture lut6_v of entity unisim.LUT6 [\LUT6(init="11111001111111111111...]
Compiling architecture lut6_v of entity unisim.LUT6 [\LUT6(init="00000000000000000010...]
Compiling architecture lut5_v of entity unisim.LUT5 [\LUT5(init="11111111111111110100...]
Compiling architecture lut5_v of entity unisim.LUT5 [\LUT5(init="11111111111100001111...]
Compiling architecture lut3_v of entity unisim.LUT3 [\LUT3(init="00000001")(0,7)\]
Compiling architecture lut6_v of entity unisim.LUT6 [\LUT6(init="00000111000000000000...]
Compiling architecture lut6_v of entity unisim.LUT6 [\LUT6(init="11111111111111111111...]
Compiling architecture lut6_v of entity unisim.LUT6 [\LUT6(init="11111110111111110111...]
Compiling architecture lut6_v of entity unisim.LUT6 [\LUT6(init="00000000000000000000...]
Compiling architecture lut6_v of entity unisim.LUT6 [\LUT6(init="10010000000000001000...]
Compiling architecture lut6_v of entity unisim.LUT6 [\LUT6(init="00100000001100000010...]
Compiling architecture lut6_v of entity unisim.LUT6 [\LUT6(init="00000000000100000000...]
Compiling architecture lut6_v of entity unisim.LUT6 [\LUT6(init="11111111111111111111...]
Compiling architecture lut4_v of entity unisim.LUT4 [\LUT4(init="0000000000000001")(0...]
Compiling architecture lut5_v of entity unisim.LUT5 [\LUT5(init="01000000010000001000...]
Compiling architecture lut5_v of entity unisim.LUT5 [\LUT5(init="00000000000000000000...]
Compiling architecture lut5_v of entity unisim.LUT5 [\LUT5(init="10001100100000000100...]
Compiling architecture lut5_v of entity unisim.LUT5 [\LUT5(init="01110100000000001000...]
Compiling architecture lut4_v of entity unisim.LUT4 [\LUT4(init="1101110100001101")(0...]
Compiling architecture lut4_v of entity unisim.LUT4 [\LUT4(init="0100010000010100")(0...]
Compiling architecture lut5_v of entity unisim.LUT5 [\LUT5(init="11110100111101001111...]
Compiling architecture lut5_v of entity unisim.LUT5 [\LUT5(init="11110100111111111111...]
Compiling architecture lut5_v of entity unisim.LUT5 [\LUT5(init="00000000101101001111...]
Compiling architecture lut5_v of entity unisim.LUT5 [\LUT5(init="11111111111111110000...]
Compiling architecture lut6_v of entity unisim.LUT6 [\LUT6(init="00000100000011000000...]
Compiling architecture lut5_v of entity unisim.LUT5 [\LUT5(init="10110100000000000000...]
Compiling architecture lut6_v of entity unisim.LUT6 [\LUT6(init="00110000000000000011...]
Compiling architecture structure of entity xil_defaultlib.InstrFetch [instrfetch_default]
Compiling architecture ram32x1s_v of entity unisim.RAM32X1S [\RAM32X1S(init="0000000000000000...]
Compiling architecture ram32x1s_v of entity unisim.RAM32X1S [ram32x1s_default]
Compiling architecture ram32x1s_v of entity unisim.RAM32X1S [\RAM32X1S(init="0000000000000000...]
Compiling architecture ram32x1s_v of entity unisim.RAM32X1S [\RAM32X1S(init="0000000000000000...]
Compiling architecture ram32x1s_v of entity unisim.RAM32X1S [\RAM32X1S(init="0000000000000000...]
Compiling architecture ram32x1s_v of entity unisim.RAM32X1S [\RAM32X1S(init="0000000000000000...]
Compiling architecture ram32x1s_v of entity unisim.RAM32X1S [\RAM32X1S(init="0000000000000000...]
Compiling architecture ram32x1s_v of entity unisim.RAM32X1S [\RAM32X1S(init="0000000000000000...]
Compiling architecture structure of entity xil_defaultlib.ram [ram_default]
Compiling architecture obuf_v of entity unisim.OBUF [\OBUF(1,9)(1,7)(1,4)\]
Compiling architecture obuft_v of entity unisim.OBUFT [\OBUFT(1,9)(1,7)(1,4)\]
Compiling architecture ibuf_v of entity unisim.IBUF [\IBUF(1,9)(1,1)(1,4)(1,7)\]
Compiling architecture bufg_v of entity unisim.BUFG [bufg_default]
Compiling architecture structure of entity xil_defaultlib.test_env
Built simulation snapshot test_env_func_synth
